INFO:ThemisTI:Starting to process Themis TI images
INFO:ThemisTI:Processing using 11 cores
INFO:ThemisTI:Processing 1 images.
INFO:ThemisTI:Reading image /pds_san/PDS_Archive/Mars_Odyssey/THEMIS/data/odtir0_xxxx/i008xxrdr/I00818003RDR.QUB
DEBUG:ThemisTI:Extracting header
DEBUG:ThemisTI:Header parsed.
INFO:ThemisTI:
INFO:ThemisTI:Group = Kernels
  NaifFrameCode             = -53031
  LeapSecond                = $base/kernels/lsk/naif0011.tls
  TargetAttitudeShape       = $base/kernels/pck/pck00009.tpc
  TargetPosition            = $base/kernels/spk/de405.bsp
  InstrumentPointing        = ($odyssey/kernels/ck/m01_sc_map1_v2.bc,
                               $odyssey/kernels/fk/m01_v29.tf)
  Instrument                = Null
  SpacecraftClock           = $odyssey/kernels/sclk/ORB1_SCLKSCET.00210.tsc
  InstrumentPosition        = $odyssey/kernels/spk/m01_map1_v2.bsp
  InstrumentAddendum        = $odyssey/kernels/iak/themisAddendum003.ti
  ShapeModel                = $base/dems/molaMarsPlanetaryRadius0005.cub
  InstrumentPositionQuality = Reconstructed
  InstrumentPointingQuality = Reconstructed
  CameraVersion             = 2
End_Group

INFO:ThemisTI:The planetocentric CLAT for the image is: 1.02484662526
INFO:ThemisTI:If deplaid is set in the input parameters, using night deplaid routines
DEBUG:ThemisTi:/home/jlaura/krc_application/app/davinci/ti_pipeline.dv 0 0 1 1 1 /pds_san/PDS_Archive/Mars_Odyssey/THEMIS/data/odtir0_xxxx/i008xxrdr/I00818003RDR.QUB /scratch/jlaura/tmp7ywBiW/I00818003RDR_dvprocessed.cub
error: Environment variable not found: DV_VIEWER
error: Environment variable not found: EDITOR
error: Environment variable not found: DV_UPDATE_ALLOW
error: Environment variable not found: DV_HOME
error: Environment variable not found: DV_HELP
error: Environment variable not found: DV_LIB
error: Environment variable not found: DV_EX
error: Environment variable not found: DV_CK
error: Environment variable not found: DV_KRC
error: Environment variable not found: DV_THM_DB_USER
error: Environment variable not found: DV_THM_DB_PASS
error: Environment variable not found: DV_THM_DB_SPACE
error: Environment variable not found: DV_CRISM_CACHE
error: Environment variable not found: DV_GDAL_PATH
error: Environment variable not found: GPLOT_TERM
error: Environment variable not found: DV_TEST_DATA
Loaded function restore_session
Loaded function getos
Loaded function getbrowser
Loaded function wiki
Loaded function library_version
Loaded function install_check
Loaded function library
Loaded function library_update
Loaded function gdal_version
Loaded function isis3_version
error: Environment variable not found: DV_BROWSER
error: Environment variable not found: DV_SCRIPT_FILES
Loaded function dispersion_examples
Loaded function dispersion_quartz_examples
Loaded function target_transform_examples
Loaded function factors_examples
Loaded function aster_example
Loaded function dcss
Loaded function rdcss
Loaded function echoarraystats
Loaded function dcsf
Loaded function rdcsf
Loaded function dvrgb2yuv
Loaded function dvyuv2rgb
Loaded function blendcolourrgb
Loaded function blendcolourhsy
Loaded function blendcolourpdfspec
Loaded function todouble
Loaded function tofloatdev
Loaded function tofloat
Loaded function tointeger
Loaded function toint
Loaded function toshort
Loaded function tobyte
Loaded function threeplane
Loaded function threeclone
Loaded function momentcubesimple
Loaded function momentcube
Loaded function dras
Loaded function anormalize
Loaded function clipdata
Loaded function ndi
Loaded function evi
Loaded function arvi
Loaded function asvi
Loaded function gemi
Loaded function msavi
Loaded function msavi2
Loaded function avi
Loaded function kthelp
Loaded function kt1
Loaded function kt2
Loaded function kt3
Loaded function kt4
Loaded function kt5
Loaded function kt6
Loaded function slavi
Loaded function findAggMinMax
Loaded function getdatetime
Loaded function echodatetime
Loaded function buildgradient
Loaded function build2dgradient
Loaded function echoarraycontents
Loaded function applypalette
Loaded function iiaz
Loaded function naav
Loaded function replacebadvalues
Loaded function powsc
Loaded function findRedundantImageData
Loaded function divideNZ
Loaded function getMaxValForPS
Loaded function colourIsolationInternal
Loaded function colourIsolation
Loaded function conhelp
Loaded function solsys
Loaded function unithelp
Loaded function JD2Marslsubs
Loaded function time
Loaded function clock
Loaded function checkdate
Loaded function checktime
Loaded function date2str
Loaded function time2str
Loaded function str2date
Loaded function JD
Loaded function MJD
Loaded function JD2MJD
Loaded function MJD2JD
Loaded function JDlist
Loaded function MJDlist
Loaded function JD2date
Loaded function MJD2date
Loaded function DeltaT
Loaded function JD2TT
Loaded function MJD2TT
Loaded function JD2Dt
Loaded function MJD2Dt
Loaded function TB_TT
Loaded function ET_UTC
Loaded function ET_UTCM
Loaded function JD2ET
Loaded function MJD2ET
Loaded function ET2JD
Loaded function ET2MJD
Loaded function MJD2unix
Loaded function unix2MJD
Loaded function ORB2ET
Loaded function ET2ORB
Loaded function pc2pg
Loaded function pg2pc
Loaded function marstimeglobal
Loaded function marstimelocal
Loaded function lon2tzo
Loaded function tzo2str
Loaded function earthtime
Loaded function marstime
Loaded function sunclock
Loaded function dcs
Loaded function do_dcs
Loaded function do_rgb
Loaded function do_rdcs
Loaded function do_hsv
Loaded function sstretch_old
Loaded function nstretch
Loaded function stretch
Loaded function cleandcs
Loaded function rdcs
Loaded function rsstretch
Loaded function rmnoise_pca
Loaded function rrmnoise_pca
Loaded function colorize
Loaded function get_color
Loaded function lstretch
Loaded function jmars
Loaded function read_geometa
Loaded function read_geo
Loaded function write_geotiff
Loaded function add_gcps_geo
Loaded function proj_geo
Loaded function UTMzone_to_CentralMeridian
Loaded function CentralMeridian_to_UTMzone
Loaded function get_proj
Loaded function find_proj
Loaded function read_geoshape
Loaded function write_geoshape
Loaded function proj_geoshape
Loaded function proj_geocoord
Loaded function shape2georaster
Loaded function latlonDMS2dec
Loaded function write_envi
Loaded function plot_functions
Loaded function replot
Loaded function showlabel
Loaded function multiplot
Loaded function nomultiplot
Loaded function rmlabel
Loaded function plim
Loaded function nullim
Loaded function lines
Loaded function points
Loaded function linespoints
Loaded function dots
Loaded function label
Loaded function prplot
Loaded function gvplot
Loaded function figplot
Loaded function pdfplot
Loaded function psplot
Loaded function pngplot
Loaded function labelxy
Loaded function nokey
Loaded function key
Loaded function vert_line
Loaded function rm_arrow
Loaded function show_arrow
Loaded function pplot
Loaded function pplot_tutorial
Loaded function pplot_examples
Loaded function plot_sma
Loaded function plot_sma_tutorial
Loaded function commonx
Loaded function plot_loop
Loaded function density_plot
Loaded function triplot
Loaded function refit_sma
Loaded function stack_plot
Loaded function offset_plot
Loaded function keypos
Loaded function revkey
Loaded function unrevkey
Loaded function invkey
Loaded function uninvkey
Loaded function gaussian
Loaded function filterx
Loaded function filtery
Loaded function filterz
Loaded function shift
Loaded function ln_fit
Loaded function degrade
Loaded function expand
Loaded function resampleudf
Loaded function rboxfilter
Loaded function clip
Loaded function overlay
Loaded function cat2
Loaded function create2
Loaded function rad_corr2
Loaded function dewobble3
Loaded function uddw
Loaded function autoradcorr
Loaded function arc
Loaded function destreak
Loaded function tb2rad
Loaded function temp2dn
Loaded function bbrw
Loaded function displayp
Loaded function dispp
Loaded function dispa
Loaded function themisx
Loaded function night_deplaid
Loaded function rtilt
Loaded function idinfo
Loaded function fake_rdr
Loaded function do_isis_geometry
Loaded function do_isis_geometry_nadir
Loaded function destripe
Loaded function mission_time_plot
Loaded function expand_ir
Loaded function degrade_ir
Loaded function rematm2
Loaded function convolve_themis
Loaded function rad3tb
Loaded function themis_plot
Loaded function themis3db
Loaded function themis_meridian
Loaded function delete_object_vars
Loaded function longlinefix
Loaded function isis3short
Loaded function isis3byte
Loaded function themis_to_isis3
Loaded function isis3_history
Loaded function save_davisis3
Loaded function filt2band
Loaded function find_band_I3CUB
Loaded function split_ock
Loaded function atrem
Loaded function co2_new
Loaded function pt
Loaded function radcalc
Loaded function surfcalc
Loaded function xt2
Loaded function xt2d
Loaded function process_crism
Loaded function get_crism
Loaded function crism_atm
Loaded function crism_resample
Loaded function crism_destripe
Loaded function crism_destripe_old
Loaded function project_crism
Loaded function project_crism_index
Loaded function create_indices
Loaded function create_indices_key
Loaded function crism_speclib
Loaded function get_crism_list
Loaded function get_proj_info
Loaded function get_crism_old
Loaded function load_aster
Loaded function deplaid_aster
Loaded function load_master
Loaded function load_aviris
Loaded function load_krc
Loaded function jd2lsubs
Loaded function krc_themis
Loaded function krc_one
Loaded function krc_bin
Loaded function process_bin52
Loaded function tmodel
Loaded function deddi
Loaded function mfp
Loaded function pore
Loaded function Kn
Loaded function k0
Loaded function sigmoid
Loaded function k_gas
Loaded function k_radsol
Loaded function k_SCP
Loaded function k_BCCP
Loaded function k_CCP
Loaded function k_cell
Loaded function k_tot
Loaded function Cp
Loaded function I2d
Loaded function PC97d
Loaded function get_image
Loaded function available_maps
Loaded function get_map
Loaded function getopt
Loaded function opt_usage
Loaded function strsplit
Loaded function uniq
Loaded function weight_array
Loaded function k_phil
Loaded function k_fill
Loaded function thmproc_find
Loaded function mars_bin
Loaded function map_trans
Loaded function geo_trans
Loaded function p_surf
Loaded function read_vm
Loaded function write_vm
Loaded function make_mtesx
Loaded function make_tesx
Loaded function make_lab1x
Loaded function make_themisx
Loaded function lsubs
Loaded function deconstruct
Loaded function rm_quote
Loaded function bs
Loaded function subset
Loaded function trim_whitespace
Loaded function azimuth
Loaded function ctok
Loaded function ktoc
Loaded function ftoc
Loaded function ctof
Loaded function ftok
Loaded function ktof
Loaded function eigen2
Loaded function pca
Loaded function pca_byte
Loaded function pca2
Loaded function pca2_recon
Loaded function round
Loaded function scalebar
Loaded function add_grid
Loaded function load_coreg
Loaded function bounding_box
Loaded function bounding_box2
Loaded function mos_bounds
Loaded function do_coreg
Loaded function do_coreg2
Loaded function blend
Loaded function blendx
Loaded function level_adjust
Loaded function line_match
Loaded function line_match2
Loaded function fix_missing
Loaded function find_band
Loaded function hpf
Loaded function lpf
Loaded function rsstretch_bf
Loaded function leftline
Loaded function rightline
Loaded function xramp
Loaded function v_border
Loaded function v_add
Loaded function norm_spec
Loaded function reform_speclib
Loaded function irf_ri
Loaded function cal_rad
Loaded function emissivity
Loaded function rad2tb2
Loaded function tb2rad2
Loaded function make_band
Loaded function make_temp_rad
Loaded function i2i
Loaded function i2i_tutorial
Loaded function reverse_spectrum
Loaded function cm2micron
Loaded function r2t_hi
Loaded function r2t_lo
Loaded function r2t_swri
Loaded function emcal2
Loaded function emcal
Loaded function dehyd2
Loaded function sublib
Loaded function sma
Loaded function sort_cube
Loaded function sum_group_conc
Loaded function summary_sma
Loaded function summary_sma_group
Loaded function tdb2struct
Loaded function fit_bb
Loaded function sa
Loaded function fs_software
Loaded function fs_help
Loaded function make_xaxis_fs
Loaded function extract_text_fs
Loaded function batch_extract_fs
Loaded function calc_rad_raw_fs
Loaded function calc_rad_fs
Loaded function emiss_fs
Loaded function bbr_fs
Loaded function bb_vm
Loaded function btemp_vm
Loaded function btemp_fs
Loaded function respf_fs
Loaded function convertfs2dav
Loaded function batch_plot_fs
Loaded function v_cut
Loaded function v_make
Loaded function v_create
Loaded function v_intersect
Loaded function v_union
Loaded function v_insert
Loaded function v_paste
Loaded function _min
Loaded function _max
Loaded function outline
Loaded function v_clip
Loaded function v_contains
Loaded function degtorad
Loaded function radtodeg
Loaded function angsepd
Loaded function binbyte
Loaded function binomcdf
Loaded function binompmf
Loaded function cart2sph
Loaded function cbrt
Loaded function coef
Loaded function cosh
Loaded function cot
Loaded function cross
Loaded function csc
Loaded function dd2dms
Loaded function det
Loaded function diag
Loaded function dot
Loaded function erf
Loaded function fact
Loaded function factor
Loaded function fib
Loaded function fix
Loaded function gamma
Loaded function hyp
Loaded function intprod
Loaded function inverf
Loaded function invnorm
Loaded function isint
Loaded function isnum
Loaded function isscalar
Loaded function leg
Loaded function linfit
Loaded function log2
Loaded function logb
Loaded function lsq
Loaded function lsqnn
Loaded function lsqsn
Loaded function mag
Loaded function med
Loaded function nCk
Loaded function nPk
Loaded function normalize
Loaded function normcdf
Loaded function normpdf
Loaded function numint
Loaded function product
Loaded function s2dhms
Loaded function sec
Loaded function sign
Loaded function sinc
Loaded function sinh
Loaded function sph2cart
Loaded function tanh
Loaded function hex2dec
Loading module thm from /usgs/apps/davinci/2_17/lib/davinci/thm.la.
Loaded module thm.
Module thm:
	version: 
	full path: /usgs/apps/davinci/2_17/lib/davinci/thm.la
	0 dependencies:
	19 functions:
		y_shear
		column_fill
		convolve
		corners
		deplaid
		emiss2rad
		kfill
		ipi
		rad2tb
		radcorr
		ramp
		reconstitute
		rectify
		sstretch
		supersample
		themis_emissivity
		unscale
		white_noise_remove1
		white_noise_remove2
Initializing davinci/ISIS3 IO module version 0.9.6 (ISIS 3.4.x)
Duplicate module name 'isis3'.
insmod for isis3 failed.
Reading history from /pds_san/PDS_Archive/Mars_Odyssey/THEMIS/data/odtir0_xxxx/i008xxrdr/I00818003RDR.QUB...

Reading spectral_qube from /pds_san/PDS_Archive/Mars_Odyssey/THEMIS/data/odtir0_xxxx/i008xxrdr/I00818003RDR.QUB...

..../usgs/apps/davinci/2_17/share/davinci/library/script_files/instrument_parameters/temp_rad_v4: VICAR bsq image: 11x561x1, 32 bits
Reading history from /pds_san/PDS_Archive/Mars_Odyssey/THEMIS/data/odtir0_xxxx/i008xxrdr/I00818003RDR.QUB...

Reading spectral_qube from /pds_san/PDS_Archive/Mars_Odyssey/THEMIS/data/odtir0_xxxx/i008xxrdr/I00818003RDR.QUB...

...Duplicate module name 'isis3'.
insmod for isis3 failed.
Using ISIS3 API to read file '/tmp/dv_30499/I00818003RDR.I3.cub'.
Structure does not contain element: Object
Using ISIS3 API to write file '/scratch/jlaura/tmp7ywBiW/I00818003RDR_dvprocessed.cub'.
Closing file...              
Unloading module thm.
Dependents of thm:
Total 0 dependents.
Unloaded module thm.
DEBUG:ThemisTi:reading file: /home/jlaura/.dvrc
1.12000	
"linux"
"/usr/bin/firefox"
1.00000	
1.00000	
1.06000	
3.14159	
-32768	
1.18000	
1.03000	
1.06000	
1.13000	
1.02000	
1.05000	
1.00000	
1.01000	
1.12000	
1.01000	
1.00000	
1.00000	
1.01000	
1.11000	
1.02000	
1.04000	
1.25000	
1.00000	
1.02000	
1.29000	
2147483647	
1.19209e-07	
2.22045e-16	
0	
0	
1	
1	
1	
"/pds_san/PDS_Archive/Mars_Odyssey/THEMIS/data/odtir0_xxxx/i008xxrdr/I00818003RDR.QUB"
"/scratch/jlaura/tmp7ywBiW/I00818003RDR_dvprocessed.cub"

--------------------------------------------------------------------------
Parsing File:  /pds_san/PDS_Archive/Mars_Odyssey/THEMIS/data/odtir0_xxxx/i008xxrdr/I00818003RDR.QUB
--------------------------------------------------------------------------


--------------------------------------------------------------------------
End of Parsing File:  /pds_san/PDS_Archive/Mars_Odyssey/THEMIS/data/odtir0_xxxx/i008xxrdr/I00818003RDR.QUB
--------------------------------------------------------------------------


--------------------------------------------------------------------------
Parsing File:  /tmp/dv_30499/tx3i33
--------------------------------------------------------------------------

 Line 12 -- Duplicate KEYWORD identifier:  "GROUP"
 Line 17 -- Duplicate KEYWORD identifier:  "END_GROUP"
 Line 21 -- Duplicate KEYWORD identifier:  "GROUP"
 Line 22 -- Duplicate KEYWORD identifier:  "DATE_TIME"
 Line 28 -- Duplicate KEYWORD identifier:  "SOFTWARE_DESC"
 Line 29 -- Duplicate KEYWORD identifier:  "VERSION_ID"
 Line 30 -- Duplicate KEYWORD identifier:  "USER_NAME"
 Line 31 -- Duplicate KEYWORD identifier:  "USER_NOTE"
 Line 32 -- Duplicate KEYWORD identifier:  "GROUP"
 Line 62 -- Duplicate KEYWORD identifier:  "END_GROUP"
 Line 63 -- Duplicate KEYWORD identifier:  "END_GROUP"
 Line 65 -- Duplicate KEYWORD identifier:  "GROUP"
 Line 66 -- Duplicate KEYWORD identifier:  "DATE_TIME"
 Line 83 -- Duplicate KEYWORD identifier:  "USER_NAME"
 Line 84 -- Duplicate KEYWORD identifier:  "USER_NOTE"
 Line 85 -- Duplicate KEYWORD identifier:  "END_GROUP"
 Line 87 -- Duplicate KEYWORD identifier:  "GROUP"
 Line 88 -- Duplicate KEYWORD identifier:  "DATE_TIME"
 Line 98 -- Duplicate KEYWORD identifier:  "ERRATA_DESC"
 Line 99 -- Duplicate KEYWORD identifier:  "ERRATA_ID"
 Line 100 -- Duplicate KEYWORD identifier:  "USER_NAME"
 Line 101 -- Duplicate KEYWORD identifier:  "USER_NOTE"
 Line 102 -- Duplicate KEYWORD identifier:  "END_GROUP"
 Line 104 -- Duplicate KEYWORD identifier:  "GROUP"
 Line 105 -- Duplicate KEYWORD identifier:  "DATE_TIME"
 Line 130 -- Duplicate KEYWORD identifier:  "ERRATA_DESC"
 Line 131 -- Duplicate KEYWORD identifier:  "ERRATA_ID"
 Line 132 -- Duplicate KEYWORD identifier:  "USER_NAME"
 Line 133 -- Duplicate KEYWORD identifier:  "USER_NOTE"
 Line 134 -- Duplicate KEYWORD identifier:  "END_GROUP"
 Line 136 -- Duplicate KEYWORD identifier:  "GROUP"
 Line 137 -- Duplicate KEYWORD identifier:  "DATE_TIME"
 Line 159 -- Duplicate KEYWORD identifier:  "ERRATA_DESC"
 Line 160 -- Duplicate KEYWORD identifier:  "ERRATA_ID"
 Line 161 -- Duplicate KEYWORD identifier:  "USER_NAME"
 Line 162 -- Duplicate KEYWORD identifier:  "USER_NOTE"
 Line 163 -- Duplicate KEYWORD identifier:  "END_GROUP"
 Line 163 -- END statement is missing

--------------------------------------------------------------------------
End of Parsing File:  /tmp/dv_30499/tx3i33
--------------------------------------------------------------------------

struct, 29 elements
    pds_version_id: "PDS3"
    record_type: ""FIXED_LENGTH""
    record_bytes: 644	
    file_records: 21576	
    label_records: 6	
    ptr_to_history: struct, 4 elements
        GenObjClass: "ptr"
        file_name: "/pds_san/PDS_Archive/Mars_Odyssey/THEMIS/data/odtir0_xxxx/i008xxrdr/I00818003RDR.QUB"
        start_loc: 7	
        loc_type: "record"
    ptr_to_spectral_qube: struct, 4 elements
        GenObjClass: "ptr"
        file_name: "/pds_san/PDS_Archive/Mars_Odyssey/THEMIS/data/odtir0_xxxx/i008xxrdr/I00818003RDR.QUB"
        start_loc: 19	
        loc_type: "record"
    mission_name: ""2001 MARS ODYSSEY""
    instrument_host_name: ""2001 MARS ODYSSEY""
    instrument_name: ""THERMAL EMISSION IMAGING SYSTEM""
    instrument_id: ""THEMIS""
    detector_id: ""IR""
    mission_phase_name: ""MAPPING""
    target_name: ""MARS""
    product_id: ""I00818003RDR""
    producer_id: ""ODY_THM_TEAM""
    data_set_id: ""ODY-M-THM-3-IRRDR-V1.0""
    product_creation_time: "2004-10-10T13:21:57"
    product_version_id: ""1.6""
    release_id: ""0002""
    start_time: "2002-02-19T22:08:28.604"
    stop_time: "2002-02-19T22:12:28.064"
    spacecraft_clock_start_count: ""698623758.051""
    spacecraft_clock_stop_count: ""698623997.169""
    start_time_et: 6.74286e+07	
    stop_time_et: 6.74288e+07	
    orbit_number: 818	
    history: struct, 6 elements
        Object: "HISTORY"
        GenObjClass: "history"
        bytes: 7728	
        history_type: "CUSTOM"
        interchange_format: "ASCII"
        data: struct, 6 elements...
    spectral_qube: struct, 55 elements
        Object: "SPECTRAL_QUBE"
        GenObjClass: "qube"
        axes: 3	
        axis_name: Text Buffer with 3 lines of text
            1: SAMPLE
            2: LINE
            3: BAND
        core_items: 3x1x1 array of int, bsq format [12 bytes]
        core_name: ""CALIBRATED_SPECTRAL_RADIANCE""
        core_item_bytes: 2	
        core_item_type: "SUN_INTEGER"
        core_base: 0.00000	
        core_multiplier: 1.00000	
        core_unit: ""WATT*CM**-2*SR**-1*UM**-1""
        core_null: -32768	
        core_valid_minimum: -32752	
        core_low_repr_saturation: -32767	
        core_low_instr_saturation: -32766	
        core_high_repr_saturation: -32765	
        core_high_instr_saturation: -32764	
        suffix_items: 3x1x1 array of int, bsq format [12 bytes]
        suffix_bytes: 4	
        sample_suffix_name: "HORIZONTAL_DESTRIPE"
        sample_suffix_item_bytes: 4	
        sample_suffix_item_type: "SUN_REAL"
        sample_suffix_base: 0.00000	
        sample_suffix_multiplier: 1.00000	
        sample_suffix_valid_minimum: -8388614	
        sample_suffix_null: -8388613	
        sample_suffix_low_repr_sat: -8388612	
        sample_suffix_low_instr_sat: -8388611	
        sample_suffix_high_repr_sat: -8388609	
        sample_suffix_high_instr_sat: -8388610	
        line_suffix_name: "VERTICAL_DESTRIPE"
        line_suffix_item_bytes: 4	
        line_suffix_item_type: "SUN_REAL"
        line_suffix_base: 0.00000	
        line_suffix_multiplier: 1.00000	
        line_suffix_valid_minimum: -8388614	
        line_suffix_null: -8388613	
        line_suffix_low_repr_sat: -8388612	
        line_suffix_low_instr_sat: -8388611	
        line_suffix_high_repr_sat: -8388609	
        line_suffix_high_instr_sat: -8388610	
        flight_software_version_id: ""1.00""
        command_sequence_number: 818	
        image_id: 3	
        description: ""4 minute night time IR drift test""
        inst_cmprs_ratio: 2.62000	
        uncorrected_sclk_start_count: ""698623758.051""
        image_duration: 239.458	
        gain_number: 16	
        offset_number: 4	
        time_delay_integration_flag: ""ENABLED""
        missing_scan_lines: 0	
        md5_checksum: ""61a138a967b7787a8890b94a9f5db447""
        band_bin: struct, 9 elements...
        data: 320x7184x3 array of short, bsq format [13,793,280 bytes]
3x1x1 array of int, bsq format [12 bytes]
4	9	10	
core_null values set to -32768.0
320x7184x3 array of float, bsq format [27,586,560 bytes]
0	
0	
0	
0	
 load temp_rad with band 4
 load temp_rad with band 9
 load temp_rad with band 10
 radtotb:  dims = 320 7184 3
320x7184x3 array of float, bsq format [27,586,560 bytes]
320x7184x3 array of float, bsq format [27,586,560 bytes]

--------------------------------------------------------------------------
Parsing File:  /pds_san/PDS_Archive/Mars_Odyssey/THEMIS/data/odtir0_xxxx/i008xxrdr/I00818003RDR.QUB
--------------------------------------------------------------------------


--------------------------------------------------------------------------
End of Parsing File:  /pds_san/PDS_Archive/Mars_Odyssey/THEMIS/data/odtir0_xxxx/i008xxrdr/I00818003RDR.QUB
--------------------------------------------------------------------------


--------------------------------------------------------------------------
Parsing File:  /tmp/dv_30499/AR86Eo
--------------------------------------------------------------------------

 Line 12 -- Duplicate KEYWORD identifier:  "GROUP"
 Line 17 -- Duplicate KEYWORD identifier:  "END_GROUP"
 Line 21 -- Duplicate KEYWORD identifier:  "GROUP"
 Line 22 -- Duplicate KEYWORD identifier:  "DATE_TIME"
 Line 28 -- Duplicate KEYWORD identifier:  "SOFTWARE_DESC"
 Line 29 -- Duplicate KEYWORD identifier:  "VERSION_ID"
 Line 30 -- Duplicate KEYWORD identifier:  "USER_NAME"
 Line 31 -- Duplicate KEYWORD identifier:  "USER_NOTE"
 Line 32 -- Duplicate KEYWORD identifier:  "GROUP"
 Line 62 -- Duplicate KEYWORD identifier:  "END_GROUP"
 Line 63 -- Duplicate KEYWORD identifier:  "END_GROUP"
 Line 65 -- Duplicate KEYWORD identifier:  "GROUP"
 Line 66 -- Duplicate KEYWORD identifier:  "DATE_TIME"
 Line 83 -- Duplicate KEYWORD identifier:  "USER_NAME"
 Line 84 -- Duplicate KEYWORD identifier:  "USER_NOTE"
 Line 85 -- Duplicate KEYWORD identifier:  "END_GROUP"
 Line 87 -- Duplicate KEYWORD identifier:  "GROUP"
 Line 88 -- Duplicate KEYWORD identifier:  "DATE_TIME"
 Line 98 -- Duplicate KEYWORD identifier:  "ERRATA_DESC"
 Line 99 -- Duplicate KEYWORD identifier:  "ERRATA_ID"
 Line 100 -- Duplicate KEYWORD identifier:  "USER_NAME"
 Line 101 -- Duplicate KEYWORD identifier:  "USER_NOTE"
 Line 102 -- Duplicate KEYWORD identifier:  "END_GROUP"
 Line 104 -- Duplicate KEYWORD identifier:  "GROUP"
 Line 105 -- Duplicate KEYWORD identifier:  "DATE_TIME"
 Line 130 -- Duplicate KEYWORD identifier:  "ERRATA_DESC"
 Line 131 -- Duplicate KEYWORD identifier:  "ERRATA_ID"
 Line 132 -- Duplicate KEYWORD identifier:  "USER_NAME"
 Line 133 -- Duplicate KEYWORD identifier:  "USER_NOTE"
 Line 134 -- Duplicate KEYWORD identifier:  "END_GROUP"
 Line 136 -- Duplicate KEYWORD identifier:  "GROUP"
 Line 137 -- Duplicate KEYWORD identifier:  "DATE_TIME"
 Line 159 -- Duplicate KEYWORD identifier:  "ERRATA_DESC"
 Line 160 -- Duplicate KEYWORD identifier:  "ERRATA_ID"
 Line 161 -- Duplicate KEYWORD identifier:  "USER_NAME"
 Line 162 -- Duplicate KEYWORD identifier:  "USER_NOTE"
 Line 163 -- Duplicate KEYWORD identifier:  "END_GROUP"
 Line 163 -- END statement is missing

--------------------------------------------------------------------------
End of Parsing File:  /tmp/dv_30499/AR86Eo
--------------------------------------------------------------------------


thm2isis from=/pds_san/PDS_Archive/Mars_Odyssey/THEMIS/data/odtir0_xxxx/i008xxrdr/I00818003RDR.QUB to=/tmp/dv_30499/I00818003RDR.I3.cub
Loading ISIS3: /tmp/dv_30499/I00818003RDR.I3.cub
  Reformatting History.[1][3]: sfdu2cube.software_desc (orig-length=347) ...
  Reformatting History.[2][3]: cal_ir_image.software_desc (orig-length=352) ...
  Reformatting History.[3][3]: errata_odtir_0002_1_1.errata_desc (orig-length=798) ...
  Reformatting History.[4][3]: errata_odtir_0002_1_3.errata_desc (orig-length=545) ...
  Reformatting History.[5][3]: errata_odtir_0002_1_4.errata_desc (orig-length=1286) ...
  Reformatting History.[6][3]: errata_odtir_0002_1_6.errata_desc (orig-length=1163) ...
struct, 2 elements
    cube: 320x7184x3 array of float, bsq format [27,586,560 bytes]
    IsisCube: struct, 7 elements
        Core: struct, 7 elements...
        Instrument: struct, 13 elements...
        Archive: struct, 10 elements...
        BandBin: struct, 6 elements...
        Kernels: struct, 2 elements...
        History: struct, 7 elements...
        isis_struct_type: "object"
320x7184x3 array of float, bsq format [27,586,560 bytes]

INFO:ThemisTI:Group = Kernels
  NaifFrameCode             = -53031
  LeapSecond                = $base/kernels/lsk/naif0011.tls
  TargetAttitudeShape       = $base/kernels/pck/pck00009.tpc
  TargetPosition            = $base/kernels/spk/de405.bsp
  InstrumentPointing        = ($odyssey/kernels/ck/m01_sc_map1_v2.bc,
                               $odyssey/kernels/fk/m01_v29.tf)
  Instrument                = Null
  SpacecraftClock           = $odyssey/kernels/sclk/ORB1_SCLKSCET.00210.tsc
  InstrumentPosition        = $odyssey/kernels/spk/m01_map1_v2.bsp
  InstrumentAddendum        = $odyssey/kernels/iak/themisAddendum003.ti
  ShapeModel                = $base/dems/molaMarsPlanetaryRadius0005.cub
  InstrumentPositionQuality = Reconstructed
  InstrumentPointingQuality = Reconstructed
  CameraVersion             = 2
End_Group

INFO:ThemisTI:Running cam2map...
INFO:ThemisTI:Group = Mapping
  TargetName         = MARS
  ProjectionName     = SimpleCylindrical
  EquatorialRadius   = 3396190.0 <meters>
  PolarRadius        = 3376200.0 <meters>
  LatitudeType       = Planetocentric
  LongitudeDirection = PositiveEast
  LongitudeDomain    = 180
  PixelResolution    = 99.090078367505 <meters/pixel>
  Scale              = 598.19003577198 <pixels/degree>
  UpperLeftCornerX   = -65003.091409083 <meters>
  UpperLeftCornerY   = 419051.94141618 <meters>
  MinimumLatitude    = -5.0281906135262
  MaximumLatitude    = 7.0691561787406
  MinimumLongitude   = -1.2218274916401
  MaximumLongitude   = 0.97090937151215
  CenterLongitude    = -0.12545906006398
End_Group

DEBUG:ThemisTI:Extracting header
DEBUG:ThemisTI:Header parsed.
INFO:ThemisTI:Processing ISIS cube: /scratch/jlaura/tmp7ywBiW/I00818003RDR_dvprocessed_proj.cub.
INFO:ThemisTI:Themis temperature data has 7237 lines and 1312 samples
INFO:ThemisTI:The input temperature image projection is: PROJCS["SimpleCylindrical MARS",GEOGCS["GCS_MARS",DATUM["D_MARS",SPHEROID["MARS",3396190,0]],PRIMEM["Reference_Meridian",0],UNIT["degree",0.0174532925199433]],PROJECTION["Equirectangular"],PARAMETER["latitude_of_origin",0],PARAMETER["central_meridian",-0.12545906006398],PARAMETER["standard_parallel_1",0],PARAMETER["false_easting",0],PARAMETER["false_northing",0]]
bash: no job control in this shell
DEBUG:ThemisTI:GDAL computed extent as ['-65003.091', '-298062.956', '65003.091', '419051.941'] (xmin, ymin, xmax, ymax).
bash: no job control in this shell
DEBUG:ThemisTI:GDAL computed resolution is: 99.090078367505001 -99.090078367505001
DEBUG:ThemisTI:Creating output file that is 1312P x 7237L.
Processing input file /home/jlaura/Mars_MGS_MOLA_SLOPE_mosaic_global_463m.cub.
Using internal nodata values (eg. -3.40282e+38) for image /home/jlaura/Mars_MGS_MOLA_SLOPE_mosaic_global_463m.cub.
0...10...20...30...40...50...60...70...80...90...100 - done.

DEBUG:ThemisTI:Dataset /home/jlaura/Mars_MGS_MOLA_SLOPE_mosaic_global_463m.cub extract with shape (7237, 1312)
DEBUG:ThemisTI:Creating output file that is 1312P x 7237L.
Processing input file /home/jlaura/TES_global_Dust_Bandfield_2002.tif.
Using internal nodata values (eg. -3.40282e+38) for image /home/jlaura/TES_global_Dust_Bandfield_2002.tif.
0...10...20...30...40...50...60...70...80...90...100 - done.

DEBUG:ThemisTI:Dataset /home/jlaura/TES_global_Dust_Bandfield_2002.tif extract with shape (7237, 1312)
DEBUG:ThemisTI:Creating output file that is 1312P x 7237L.
Processing input file /home/jlaura/Mars_MGS_MOLA_DEM_mosaic_global_463m.cub.
Using internal nodata values (eg. -32768) for image /home/jlaura/Mars_MGS_MOLA_DEM_mosaic_global_463m.cub.
0...10...20...30...40...50...60...70...80...90...100 - done.

DEBUG:ThemisTI:Dataset /home/jlaura/Mars_MGS_MOLA_DEM_mosaic_global_463m.cub extract with shape (7237, 1312)
DEBUG:ThemisTI:Creating output file that is 1312P x 7237L.
Processing input file /home/jlaura/Mars_MGS_MOLA_ASPECT_mosaic_global_463m.cub.
Using internal nodata values (eg. -3.40282e+38) for image /home/jlaura/Mars_MGS_MOLA_ASPECT_mosaic_global_463m.cub.
0...10...20...30...40...50...60...70...80...90...100 - done.

DEBUG:ThemisTI:Dataset /home/jlaura/Mars_MGS_MOLA_ASPECT_mosaic_global_463m.cub extract with shape (7237, 1312)
DEBUG:ThemisTI:Creating output file that is 1312P x 7237L.
Processing input file /home/jlaura/TES_global_Albedo_Christensen_2001.tif.
Using internal nodata values (eg. -3.40282e+38) for image /home/jlaura/TES_global_Albedo_Christensen_2001.tif.
0...10...20...30...40...50...60...70...80...90...100 - done.

DEBUG:ThemisTI:Dataset /home/jlaura/TES_global_Albedo_Christensen_2001.tif extract with shape (7237, 1312)
DEBUG:ThemisTI:emissivity set to a constant value, 1
DEBUG:ThemisTI:Input TI image has bands (4, 9, 10)
DEBUG:ThemisTI:Input TI image LAT range is -5.02819061353 to 7.06915617874
DEBUG:ThemisTI:Input TI image time range is 2452325.42255 to 2452325.42532 (Julian)
DEBUG:ThemisTI:Input TI image time range is 329.703460451 / 25.0 to 329.70498965 / 25.0 (LsubS)
INFO:ThemisTI:Data pre=processing, clipping, and map projection took 65.8778369427 seconds.
DEBUG:ThemisTI:Minimum emissivity value is 1
DEBUG:ThemisTI:Maximum emissivity value is 1
DEBUG:ThemisTI:Time delta is 0:03:59.460000.  Using start time as the global time
DEBUG:ThemisTI:Start latitude node is -5.02819061353.  Nearest lookup node is 15.
DEBUG:ThemisTI:Stop latitude node is 7.06915617874.  Nearest lookup node is 21.
DEBUG:ThemisTI:Seasonal arrays have shape (5, 7, 13500) and require 1890000 bytes each
DEBUG:ThemisTI:Lookup table dtype is: float64, with a shape of: (13500, 7)
INFO:ThemisTI:Extracting lookup table and linear season interpolation took 0.957620859146 seconds
DEBUG:ThemisTI:Generated all data structures for communication.
DEBUG:ThemisTI:Transmitted scalars and temperature geoobject to all cores.
DEBUG:ThemisTI:Broadcast ephemeris data to all cores in 0.00840616226196 seconds.
DEBUG:ThemisTI:Scatter input data to all cores in 0.0971229076385 seconds.
0 657 0.0734720230103
0 657 0.0743601322174
0 657 0.0746259689331
0 657 0.0747520923615
0 667 0.076162815094
0 657 0.0751600265503
0 657 0.0755381584167
0 657 0.0756499767303
0 657 0.0766079425812
0 657 0.0767588615417
0 657 0.0770840644836
100 667 192.088224888
100 657 203.387571096
100 657 203.791912794
100 657 203.976010084
100 657 204.901880026
100 657 205.580353022
100 657 206.36797905
100 657 206.40111804
100 657 206.557777882
100 657 207.386376858
100 657 216.115335941
200 657 399.671742201
200 667 401.021310806
200 657 405.00658083
200 657 405.206753969
200 657 405.869220018
200 657 406.155527115
200 657 406.801804066
200 657 407.220839977
200 657 408.247864008
200 657 411.390208006
200 657 416.870316029
300 657 597.089469194
300 657 604.807062149
300 657 605.850764036
300 657 607.219390869
300 657 607.22934413
300 657 607.382615089
300 657 608.062530994
300 667 608.962060928
300 657 609.156607866
300 657 617.921453953
300 657 618.194788933
400 657 796.637065172
400 657 804.360773087
400 657 805.356935024
400 657 806.704760075
400 657 807.276812077
400 657 808.76595211
400 657 810.230711937
400 667 816.729622841
400 657 818.515815973
400 657 819.32453084
400 657 822.373895884
500 657 993.319699049
500 657 1004.48703718
500 657 1004.63412905
500 657 1005.60761809
500 657 1006.92509794
500 657 1009.09168696
500 657 1012.19405985
500 657 1018.85891199
500 667 1024.1119678
500 657 1025.70578098
500 657 1026.54255986
600 657 1190.18122101
600 657 1203.78406501
600 657 1205.02028704
600 657 1206.14791012
600 657 1206.41927314
600 657 1210.47601318
600 657 1215.78217387
600 657 1219.07012391
600 657 1228.67251182
600 657 1231.26461291
600 667 1231.47531581
10 1289.71 float32
4 2928.52 float32
6 1589.14 float32
5 700.485 float32
9 2275.31 float32
8 1861.44 float32
7 1941.19 float32
3 1938.36 float32
2 1352.82 float32
1 331.774 float32
0 537.777 float32
DEBUG:ThemisTI:Parameter interpolation took 1369.67141199 seconds
1520.21
